Mon May 17 17:47:35 CEST 2021 Format specifier '%s'Mon May 17 17:47:35 CEST 2021 java.util.MissingFormatArgumentException: Format specifier '%s'
	at java.base/java.util.Formatter.format(Formatter.java:2672)
	at java.base/java.io.PrintStream.format(PrintStream.java:1209)
	at java.base/java.io.PrintStream.printf(PrintStream.java:1105)
	at uo.mp.shopping.processor.ShoppingProcessor.printInvoice(ShoppingProcessor.java:144)
	at uo.mp.shopping.processor.ShoppingProcessor.process(ShoppingProcessor.java:72)
	at uo.mp.shopping.processor.ShoppingProcessor.run(ShoppingProcessor.java:27)
	at uo.mp.shopping.application.Main.main(Main.java:12)
Mon May 17 18:10:49 CEST 2021 class uo.mp.shopping.model.CleaningProduct cannot be cast to class uo.mp.shopping.model.FoodProduct (uo.mp.shopping.model.CleaningProduct and uo.mp.shopping.model.FoodProduct are in unnamed module of loader 'app')Mon May 17 18:10:49 CEST 2021 java.lang.ClassCastException: class uo.mp.shopping.model.CleaningProduct cannot be cast to class uo.mp.shopping.model.FoodProduct (uo.mp.shopping.model.CleaningProduct and uo.mp.shopping.model.FoodProduct are in unnamed module of loader 'app')
	at uo.mp.shopping.model.FoodProduct.equals(FoodProduct.java:35)
	at uo.mp.shopping.processor.service.Shopper.addProducts(Shopper.java:41)
	at uo.mp.shopping.processor.ShoppingProcessor.fillCart(ShoppingProcessor.java:111)
	at uo.mp.shopping.processor.ShoppingProcessor.process(ShoppingProcessor.java:61)
	at uo.mp.shopping.processor.ShoppingProcessor.run(ShoppingProcessor.java:27)
	at uo.mp.shopping.application.Main.main(Main.java:12)
Mon May 17 18:14:17 CEST 2021 Something went wrong ... Mon May 17 18:14:17 CEST 2021 java.lang.ArrayIndexOutOfBoundsException: Something went wrong ... 
	at uo.mp.checks.IndexOutOfBoundsChecks.isTrue(IndexOutOfBoundsChecks.java:28)
	at uo.mp.collections.impl.ArrayList.get(ArrayList.java:174)
	at uo.mp.shopping.processor.service.Shopper.addProducts(Shopper.java:41)
	at uo.mp.shopping.processor.ShoppingProcessor.fillCart(ShoppingProcessor.java:111)
	at uo.mp.shopping.processor.ShoppingProcessor.process(ShoppingProcessor.java:61)
	at uo.mp.shopping.processor.ShoppingProcessor.run(ShoppingProcessor.java:27)
	at uo.mp.shopping.application.Main.main(Main.java:12)
Mon May 17 18:16:10 CEST 2021 Something went wrong ... Mon May 17 18:16:10 CEST 2021 java.lang.ArrayIndexOutOfBoundsException: Something went wrong ... 
	at uo.mp.checks.IndexOutOfBoundsChecks.isTrue(IndexOutOfBoundsChecks.java:28)
	at uo.mp.collections.impl.ArrayList.get(ArrayList.java:174)
	at uo.mp.shopping.processor.service.Shopper.addProducts(Shopper.java:41)
	at uo.mp.shopping.processor.ShoppingProcessor.fillCart(ShoppingProcessor.java:111)
	at uo.mp.shopping.processor.ShoppingProcessor.process(ShoppingProcessor.java:61)
	at uo.mp.shopping.processor.ShoppingProcessor.run(ShoppingProcessor.java:27)
	at uo.mp.shopping.application.Main.main(Main.java:12)
Mon May 17 18:16:14 CEST 2021 Something went wrong ... Mon May 17 18:16:14 CEST 2021 java.lang.ArrayIndexOutOfBoundsException: Something went wrong ... 
	at uo.mp.checks.IndexOutOfBoundsChecks.isTrue(IndexOutOfBoundsChecks.java:28)
	at uo.mp.collections.impl.ArrayList.get(ArrayList.java:174)
	at uo.mp.shopping.processor.service.Shopper.addProducts(Shopper.java:41)
	at uo.mp.shopping.processor.ShoppingProcessor.fillCart(ShoppingProcessor.java:111)
	at uo.mp.shopping.processor.ShoppingProcessor.process(ShoppingProcessor.java:61)
	at uo.mp.shopping.processor.ShoppingProcessor.run(ShoppingProcessor.java:27)
	at uo.mp.shopping.application.Main.main(Main.java:12)
Mon May 17 18:16:21 CEST 2021 Something went wrong ... Mon May 17 18:16:21 CEST 2021 java.lang.ArrayIndexOutOfBoundsException: Something went wrong ... 
	at uo.mp.checks.IndexOutOfBoundsChecks.isTrue(IndexOutOfBoundsChecks.java:28)
	at uo.mp.collections.impl.ArrayList.get(ArrayList.java:174)
	at uo.mp.shopping.processor.service.Shopper.addProducts(Shopper.java:41)
	at uo.mp.shopping.processor.ShoppingProcessor.fillCart(ShoppingProcessor.java:111)
	at uo.mp.shopping.processor.ShoppingProcessor.process(ShoppingProcessor.java:61)
	at uo.mp.shopping.processor.ShoppingProcessor.run(ShoppingProcessor.java:27)
	at uo.mp.shopping.application.Main.main(Main.java:12)
Mon May 17 18:16:25 CEST 2021 Something went wrong ... Mon May 17 18:16:25 CEST 2021 java.lang.ArrayIndexOutOfBoundsException: Something went wrong ... 
	at uo.mp.checks.IndexOutOfBoundsChecks.isTrue(IndexOutOfBoundsChecks.java:28)
	at uo.mp.collections.impl.ArrayList.get(ArrayList.java:174)
	at uo.mp.shopping.processor.service.Shopper.addProducts(Shopper.java:41)
	at uo.mp.shopping.processor.ShoppingProcessor.fillCart(ShoppingProcessor.java:111)
	at uo.mp.shopping.processor.ShoppingProcessor.process(ShoppingProcessor.java:61)
	at uo.mp.shopping.processor.ShoppingProcessor.run(ShoppingProcessor.java:27)
	at uo.mp.shopping.application.Main.main(Main.java:12)
Mon May 17 18:26:43 CEST 2021 class uo.mp.shopping.model.CleaningProduct cannot be cast to class uo.mp.shopping.model.FoodProduct (uo.mp.shopping.model.CleaningProduct and uo.mp.shopping.model.FoodProduct are in unnamed module of loader 'app')Mon May 17 18:26:43 CEST 2021 java.lang.ClassCastException: class uo.mp.shopping.model.CleaningProduct cannot be cast to class uo.mp.shopping.model.FoodProduct (uo.mp.shopping.model.CleaningProduct and uo.mp.shopping.model.FoodProduct are in unnamed module of loader 'app')
	at uo.mp.shopping.model.FoodProduct.equals(FoodProduct.java:35)
	at uo.mp.collections.impl.LinkedList.indexOf(LinkedList.java:183)
	at uo.mp.collections.impl.AbstractClass.contains(AbstractClass.java:53)
	at uo.mp.shopping.processor.service.Shopper.addProducts(Shopper.java:41)
	at uo.mp.shopping.processor.ShoppingProcessor.fillCart(ShoppingProcessor.java:111)
	at uo.mp.shopping.processor.ShoppingProcessor.process(ShoppingProcessor.java:61)
	at uo.mp.shopping.processor.ShoppingProcessor.run(ShoppingProcessor.java:27)
	at uo.mp.shopping.application.Main.main(Main.java:12)
Mon May 17 18:27:47 CEST 2021 Something went wrong ... Mon May 17 18:27:47 CEST 2021 java.lang.ArrayIndexOutOfBoundsException: Something went wrong ... 
	at uo.mp.checks.IndexOutOfBoundsChecks.isTrue(IndexOutOfBoundsChecks.java:28)
	at uo.mp.collections.impl.ArrayList.get(ArrayList.java:174)
	at uo.mp.shopping.processor.service.Shopper.addProducts(Shopper.java:46)
	at uo.mp.shopping.processor.ShoppingProcessor.fillCart(ShoppingProcessor.java:111)
	at uo.mp.shopping.processor.ShoppingProcessor.process(ShoppingProcessor.java:61)
	at uo.mp.shopping.processor.ShoppingProcessor.run(ShoppingProcessor.java:27)
	at uo.mp.shopping.application.Main.main(Main.java:12)
Mon May 17 18:28:19 CEST 2021 class uo.mp.shopping.model.CleaningProduct cannot be cast to class uo.mp.shopping.model.FoodProduct (uo.mp.shopping.model.CleaningProduct and uo.mp.shopping.model.FoodProduct are in unnamed module of loader 'app')Mon May 17 18:28:19 CEST 2021 java.lang.ClassCastException: class uo.mp.shopping.model.CleaningProduct cannot be cast to class uo.mp.shopping.model.FoodProduct (uo.mp.shopping.model.CleaningProduct and uo.mp.shopping.model.FoodProduct are in unnamed module of loader 'app')
	at uo.mp.shopping.model.FoodProduct.equals(FoodProduct.java:35)
	at uo.mp.collections.impl.LinkedList.indexOf(LinkedList.java:183)
	at uo.mp.collections.impl.AbstractClass.contains(AbstractClass.java:53)
	at uo.mp.shopping.processor.service.Shopper.addProducts(Shopper.java:41)
	at uo.mp.shopping.processor.ShoppingProcessor.fillCart(ShoppingProcessor.java:111)
	at uo.mp.shopping.processor.ShoppingProcessor.process(ShoppingProcessor.java:61)
	at uo.mp.shopping.processor.ShoppingProcessor.run(ShoppingProcessor.java:27)
	at uo.mp.shopping.application.Main.main(Main.java:12)
Mon May 17 18:28:22 CEST 2021 class uo.mp.shopping.model.CleaningProduct cannot be cast to class uo.mp.shopping.model.FoodProduct (uo.mp.shopping.model.CleaningProduct and uo.mp.shopping.model.FoodProduct are in unnamed module of loader 'app')Mon May 17 18:28:22 CEST 2021 java.lang.ClassCastException: class uo.mp.shopping.model.CleaningProduct cannot be cast to class uo.mp.shopping.model.FoodProduct (uo.mp.shopping.model.CleaningProduct and uo.mp.shopping.model.FoodProduct are in unnamed module of loader 'app')
	at uo.mp.shopping.model.FoodProduct.equals(FoodProduct.java:35)
	at uo.mp.collections.impl.LinkedList.indexOf(LinkedList.java:183)
	at uo.mp.collections.impl.AbstractClass.contains(AbstractClass.java:53)
	at uo.mp.shopping.processor.service.Shopper.addProducts(Shopper.java:41)
	at uo.mp.shopping.processor.ShoppingProcessor.fillCart(ShoppingProcessor.java:111)
	at uo.mp.shopping.processor.ShoppingProcessor.process(ShoppingProcessor.java:61)
	at uo.mp.shopping.processor.ShoppingProcessor.run(ShoppingProcessor.java:27)
	at uo.mp.shopping.application.Main.main(Main.java:12)
